<?xml version="1.0" encoding="UTF-8"?>
<!-- Generated by org.testng.reporters.JUnitReportReporter -->
<testsuite hostname="DESKTOP-UOE2QEC" failures="0" tests="2" name="com.rest.tests.PutAndPatchTest" time="3.136" errors="0" timestamp="2022-07-19T23:43:24 PDT" skipped="0">
  <testcase classname="com.rest.tests.PutAndPatchTest" name="putTest" time="0.439"/>
  <system-out/>
  <testcase classname="com.rest.tests.PutAndPatchTest" name="patchTest" time="2.697"/>
  <system-out/>
</testsuite> <!-- com.rest.tests.PutAndPatchTest -->
