<?xml version="1.0" encoding="UTF-8"?>
<!-- Generated by org.testng.reporters.JUnitReportReporter -->
<testsuite hostname="DESKTOP-UOE2QEC" failures="1" tests="1" name="trelloApi.getTrello" time="3.847" errors="0" timestamp="2022-07-20T01:46:48 PDT" skipped="0">
  <testcase classname="trelloApi.getTrello" name="getTest" time="3.847">
    <failure message="1 expectation failed.
Expected header &quot;X-Envoy-Upstream-Service-Time&quot; was not &quot;187&quot;, was &quot;6&quot;. Headers are:
X-Dns-Prefetch-Control=off
X-Frame-Options=DENY
X-Download-Options=noopen
X-Permitted-Cross-Domain-Policies=none
Referrer-Policy=strict-origin-when-cross-origin
Cache-Control=private, max-age=0, must-revalidate
Expires=0
X-Trello-Version=1.143599.0
X-Trello-Environment=Production
Set-Cookie=dsc=a49f18912ffb36911dbc7bc2c178c7f6d0e559075174b6ed21308b24530483e0; Path=/; Expires=Sat, 23 Jul 2022 05:44:34 GMT; Secure
Vary=accept-encoding
Content-Encoding=gzip
Content-Type=text/html; charset=utf-8
Etag=&quot;RPIqNHK2PuHUnUccj/dMUxywgn0=&quot;
Content-Length=21637
Date=Wed, 20 Jul 2022 05:44:34 GMT
X-Envoy-Upstream-Service-Time=6
Expect-Ct=report-uri=&quot;https://web-security-reports.services.atlassian.com/expect-ct-report/trello-edge&quot;, max-age=86400
Strict-Transport-Security=max-age=63072000; preload
X-Content-Type-Options=nosniff
X-Xss-Protection=1; mode=block
Atl-Traceid=6edefa3b4c47d91d
Report-To={&quot;group&quot;: &quot;endpoint-1&quot;, &quot;max_age&quot;: 600, &quot;endpoints&quot;: [{&quot;url&quot;: &quot;https://dj9s4kmieytgz.cloudfront.net&quot;}], &quot;include_subdomains&quot;: true}
Nel={&quot;report_to&quot;: &quot;endpoint-1&quot;, &quot;max_age&quot;: 600, &quot;include_subdomains&quot;: true, &quot;failure_fraction&quot;: 0.001}
Server=globaledge-envoy
" type="java.lang.AssertionError">
      <![CDATA[java.lang.AssertionError: 1 expectation failed.
Expected header "X-Envoy-Upstream-Service-Time" was not "187", was "6". Headers are:
X-Dns-Prefetch-Control=off
X-Frame-Options=DENY
X-Download-Options=noopen
X-Permitted-Cross-Domain-Policies=none
Referrer-Policy=strict-origin-when-cross-origin
Cache-Control=private, max-age=0, must-revalidate
Expires=0
X-Trello-Version=1.143599.0
X-Trello-Environment=Production
Set-Cookie=dsc=a49f18912ffb36911dbc7bc2c178c7f6d0e559075174b6ed21308b24530483e0; Path=/; Expires=Sat, 23 Jul 2022 05:44:34 GMT; Secure
Vary=accept-encoding
Content-Encoding=gzip
Content-Type=text/html; charset=utf-8
Etag="RPIqNHK2PuHUnUccj/dMUxywgn0="
Content-Length=21637
Date=Wed, 20 Jul 2022 05:44:34 GMT
X-Envoy-Upstream-Service-Time=6
Expect-Ct=report-uri="https://web-security-reports.services.atlassian.com/expect-ct-report/trello-edge", max-age=86400
Strict-Transport-Security=max-age=63072000; preload
X-Content-Type-Options=nosniff
X-Xss-Protection=1; mode=block
Atl-Traceid=6edefa3b4c47d91d
Report-To={"group": "endpoint-1", "max_age": 600, "endpoints": [{"url": "https://dj9s4kmieytgz.cloudfront.net"}], "include_subdomains": true}
Nel={"report_to": "endpoint-1", "max_age": 600, "include_subdomains": true, "failure_fraction": 0.001}
Server=globaledge-envoy

at java.base/jdk.internal.reflect.NativeConstructorAccessorImpl.newInstance0(Native Method)
at java.base/jdk.internal.reflect.NativeConstructorAccessorImpl.newInstance(NativeConstructorAccessorImpl.java:64)
at java.base/jdk.internal.reflect.DelegatingConstructorAccessorImpl.newInstance(DelegatingConstructorAccessorImpl.java:45)
at java.base/java.lang.reflect.Constructor.newInstanceWithCaller(Constructor.java:500)
at java.base/java.lang.reflect.Constructor.newInstance(Constructor.java:481)
at org.codehaus.groovy.reflection.CachedConstructor.invoke(CachedConstructor.java:73)
at org.codehaus.groovy.reflection.CachedConstructor.doConstructorInvoke(CachedConstructor.java:60)
at org.codehaus.groovy.runtime.callsite.ConstructorSite$ConstructorSiteNoUnwrap.callConstructor(ConstructorSite.java:86)
at org.codehaus.groovy.runtime.callsite.CallSiteArray.defaultCallConstructor(CallSiteArray.java:58)
at org.codehaus.groovy.runtime.callsite.AbstractCallSite.callConstructor(AbstractCallSite.java:263)
at org.codehaus.groovy.runtime.callsite.AbstractCallSite.callConstructor(AbstractCallSite.java:277)
at io.restassured.internal.ResponseSpecificationImpl$HamcrestAssertionClosure.validate(ResponseSpecificationImpl.groovy:512)
at io.restassured.internal.ResponseSpecificationImpl$HamcrestAssertionClosure$validate$1.call(Unknown Source)
at io.restassured.internal.ResponseSpecificationImpl.validateResponseIfRequired(ResponseSpecificationImpl.groovy:696)
at io.restassured.internal.ResponseSpecificationImpl.this$2$validateResponseIfRequired(ResponseSpecificationImpl.groovy)
at java.base/jdk.internal.reflect.NativeMethodAccessorImpl.invoke0(Native Method)
at java.base/jdk.internal.reflect.NativeMethodAccessorImpl.invoke(NativeMethodAccessorImpl.java:64)
at java.base/jdk.internal.reflect.DelegatingMethodAccessorImpl.invoke(DelegatingMethodAccessorImpl.java:43)
at java.base/java.lang.reflect.Method.invoke(Method.java:564)
at org.codehaus.groovy.runtime.callsite.PlainObjectMetaMethodSite.doInvoke(PlainObjectMetaMethodSite.java:43)
at org.codehaus.groovy.runtime.callsite.PogoMetaMethodSite$PogoCachedMethodSiteNoUnwrapNoCoerce.invoke(PogoMetaMethodSite.java:198)
at org.codehaus.groovy.runtime.callsite.PogoMetaMethodSite.callCurrent(PogoMetaMethodSite.java:62)
at org.codehaus.groovy.runtime.callsite.CallSiteArray.defaultCallCurrent(CallSiteArray.java:50)
at org.codehaus.groovy.runtime.callsite.AbstractCallSite.callCurrent(AbstractCallSite.java:171)
at org.codehaus.groovy.runtime.callsite.AbstractCallSite.callCurrent(AbstractCallSite.java:185)
at io.restassured.internal.ResponseSpecificationImpl.header(ResponseSpecificationImpl.groovy:191)
at io.restassured.specification.ResponseSpecification$header$1.callCurrent(Unknown Source)
at org.codehaus.groovy.runtime.callsite.CallSiteArray.defaultCallCurrent(CallSiteArray.java:50)
at org.codehaus.groovy.runtime.callsite.AbstractCallSite.callCurrent(AbstractCallSite.java:171)
at org.codehaus.groovy.runtime.callsite.AbstractCallSite.callCurrent(AbstractCallSite.java:194)
at io.restassured.internal.ResponseSpecificationImpl.header(ResponseSpecificationImpl.groovy:198)
at io.restassured.internal.ValidatableResponseOptionsImpl.header(ValidatableResponseOptionsImpl.java:124)
at trelloApi.getTrello.getTest(getTrello.java:31)
at java.base/jdk.internal.reflect.NativeMethodAccessorImpl.invoke0(Native Method)
at java.base/jdk.internal.reflect.NativeMethodAccessorImpl.invoke(NativeMethodAccessorImpl.java:64)
at java.base/jdk.internal.reflect.DelegatingMethodAccessorImpl.invoke(DelegatingMethodAccessorImpl.java:43)
at java.base/java.lang.reflect.Method.invoke(Method.java:564)
at org.testng.internal.invokers.MethodInvocationHelper.invokeMethod(MethodInvocationHelper.java:139)
at org.testng.internal.invokers.TestInvoker.invokeMethod(TestInvoker.java:677)
at org.testng.internal.invokers.TestInvoker.invokeTestMethod(TestInvoker.java:221)
at org.testng.internal.invokers.MethodRunner.runInSequence(MethodRunner.java:50)
at org.testng.internal.invokers.TestInvoker$MethodInvocationAgent.invoke(TestInvoker.java:962)
at org.testng.internal.invokers.TestInvoker.invokeTestMethods(TestInvoker.java:194)
at org.testng.internal.invokers.TestMethodWorker.invokeTestMethods(TestMethodWorker.java:148)
at org.testng.internal.invokers.TestMethodWorker.run(TestMethodWorker.java:128)
at java.base/java.util.ArrayList.forEach(ArrayList.java:1511)
at org.testng.TestRunner.privateRun(TestRunner.java:806)
at org.testng.TestRunner.run(TestRunner.java:601)
at org.testng.SuiteRunner.runTest(SuiteRunner.java:433)
at org.testng.SuiteRunner.runSequentially(SuiteRunner.java:427)
at org.testng.SuiteRunner.privateRun(SuiteRunner.java:387)
at org.testng.SuiteRunner.run(SuiteRunner.java:330)
at org.testng.SuiteRunnerWorker.runSuite(SuiteRunnerWorker.java:52)
at org.testng.SuiteRunnerWorker.run(SuiteRunnerWorker.java:95)
at org.testng.TestNG.runSuitesSequentially(TestNG.java:1256)
at org.testng.TestNG.runSuitesLocally(TestNG.java:1176)
at org.testng.TestNG.runSuites(TestNG.java:1099)
at org.testng.TestNG.run(TestNG.java:1067)
at org.testng.remote.AbstractRemoteTestNG.run(AbstractRemoteTestNG.java:115)
at org.testng.remote.RemoteTestNG.initAndRun(RemoteTestNG.java:251)
at org.testng.remote.RemoteTestNG.main(RemoteTestNG.java:77)
]]>
    </failure>
  </testcase> <!-- getTest -->
  <system-out/>
</testsuite> <!-- trelloApi.getTrello -->
