<?xml version="1.0" encoding="UTF-8"?>
<!-- Generated by org.testng.reporters.JUnitReportReporter -->
<testsuite hostname="DESKTOP-UOE2QEC" failures="0" tests="1" name="com.rest.tests.deleteExamples" time="2.705" errors="0" timestamp="2022-07-19T23:46:40 PDT" skipped="0">
  <testcase classname="com.rest.tests.deleteExamples" name="patchTest" time="2.705"/>
  <system-out/>
</testsuite> <!-- com.rest.tests.deleteExamples -->
