<?xml version="1.0" encoding="UTF-8"?>
<!-- Generated by org.testng.reporters.JUnitReportReporter -->
<testsuite hostname="DESKTOP-UOE2QEC" failures="0" tests="1" name="com.rest.tests.Examples" time="3.074" errors="0" timestamp="2022-07-19T18:02:08 PDT" skipped="0">
  <testcase classname="com.rest.tests.Examples" name="test_2" time="3.074"/>
  <system-out/>
</testsuite> <!-- com.rest.tests.Examples -->
